{"C:\\Users\\Jordan\\Desktop\\Intégration continue\\Todolist\\todoproject\\TodoList-Project\\src\\index.js": {"path":"C:\\Users\\Jordan\\Desktop\\Intégration continue\\Todolist\\todoproject\\TodoList-Project\\src\\index.js","statementMap":{"0":{"start":{"line":7,"column":13},"end":{"line":7,"column":65}},"1":{"start":{"line":8,"column":0},"end":{"line":12,"column":2}},"2":{"start":{"line":17,"column":0},"end":{"line":17,"column":18}}},"fnMap":{},"branchMap":{},"s":{"0":0,"1":0,"2":0},"f":{},"b":{}}
,"C:\\Users\\Jordan\\Desktop\\Intégration continue\\Todolist\\todoproject\\TodoList-Project\\src\\reportWebVitals.js": {"path":"C:\\Users\\Jordan\\Desktop\\Intégration continue\\Todolist\\todoproject\\TodoList-Project\\src\\reportWebVitals.js","statementMap":{"0":{"start":{"line":1,"column":24},"end":{"line":11,"column":1}},"1":{"start":{"line":2,"column":2},"end":{"line":10,"column":3}},"2":{"start":{"line":3,"column":4},"end":{"line":9,"column":7}},"3":{"start":{"line":4,"column":6},"end":{"line":4,"column":26}},"4":{"start":{"line":5,"column":6},"end":{"line":5,"column":26}},"5":{"start":{"line":6,"column":6},"end":{"line":6,"column":26}},"6":{"start":{"line":7,"column":6},"end":{"line":7,"column":26}},"7":{"start":{"line":8,"column":6},"end":{"line":8,"column":27}}},"fnMap":{"0":{"name":"(anonymous_0)","decl":{"start":{"line":1,"column":24},"end":{"line":1,"column":25}},"loc":{"start":{"line":1,"column":39},"end":{"line":11,"column":1}},"line":1},"1":{"name":"(anonymous_1)","decl":{"start":{"line":3,"column":30},"end":{"line":3,"column":31}},"loc":{"start":{"line":3,"column":79},"end":{"line":9,"column":5}},"line":3}},"branchMap":{"0":{"loc":{"start":{"line":2,"column":2},"end":{"line":10,"column":3}},"type":"if","locations":[{"start":{"line":2,"column":2},"end":{"line":10,"column":3}},{"start":{},"end":{}}],"line":2},"1":{"loc":{"start":{"line":2,"column":6},"end":{"line":2,"column":52}},"type":"binary-expr","locations":[{"start":{"line":2,"column":6},"end":{"line":2,"column":17}},{"start":{"line":2,"column":21},"end":{"line":2,"column":52}}],"line":2}},"s":{"0":0,"1":0,"2":0,"3":0,"4":0,"5":0,"6":0,"7":0},"f":{"0":0,"1":0},"b":{"0":[0,0],"1":[0,0]}}
,"C:\\Users\\Jordan\\Desktop\\Intégration continue\\Todolist\\todoproject\\TodoList-Project\\src\\components\\App.js": {"path":"C:\\Users\\Jordan\\Desktop\\Intégration continue\\Todolist\\todoproject\\TodoList-Project\\src\\components\\App.js","statementMap":{"0":{"start":{"line":10,"column":28},"end":{"line":10,"column":40}},"1":{"start":{"line":12,"column":2},"end":{"line":23,"column":4}}},"fnMap":{"0":{"name":"App","decl":{"start":{"line":9,"column":9},"end":{"line":9,"column":12}},"loc":{"start":{"line":9,"column":15},"end":{"line":24,"column":1}},"line":9}},"branchMap":{},"s":{"0":0,"1":0},"f":{"0":0},"b":{}}
,"C:\\Users\\Jordan\\Desktop\\Intégration continue\\Todolist\\todoproject\\TodoList-Project\\src\\components\\Create.js": {"path":"C:\\Users\\Jordan\\Desktop\\Intégration continue\\Todolist\\todoproject\\TodoList-Project\\src\\components\\Create.js","statementMap":{"0":{"start":{"line":7,"column":15},"end":{"line":29,"column":1}},"1":{"start":{"line":10,"column":8},"end":{"line":10,"column":71}},"2":{"start":{"line":13,"column":4},"end":{"line":28,"column":6}},"3":{"start":{"line":20,"column":62},"end":{"line":20,"column":164}}},"fnMap":{"0":{"name":"(anonymous_0)","decl":{"start":{"line":7,"column":15},"end":{"line":7,"column":16}},"loc":{"start":{"line":7,"column":52},"end":{"line":29,"column":1}},"line":7},"1":{"name":"createTask","decl":{"start":{"line":9,"column":13},"end":{"line":9,"column":23}},"loc":{"start":{"line":9,"column":40},"end":{"line":11,"column":5}},"line":9},"2":{"name":"(anonymous_2)","decl":{"start":{"line":20,"column":56},"end":{"line":20,"column":57}},"loc":{"start":{"line":20,"column":62},"end":{"line":20,"column":164}},"line":20}},"branchMap":{},"s":{"0":1,"1":0,"2":0,"3":0},"f":{"0":0,"1":0,"2":0},"b":{},"_coverageSchema":"1a1c01bbd47fc00a2c39e90264f33305004495a9","hash":"507d37d684b5732b1185eba3e5dc86ad223d195b"}
,"C:\\Users\\Jordan\\Desktop\\Intégration continue\\Todolist\\todoproject\\TodoList-Project\\src\\components\\Modify.js": {"path":"C:\\Users\\Jordan\\Desktop\\Intégration continue\\Todolist\\todoproject\\TodoList-Project\\src\\components\\Modify.js","statementMap":{"0":{"start":{"line":5,"column":15},"end":{"line":35,"column":1}},"1":{"start":{"line":7,"column":22},"end":{"line":7,"column":33}},"2":{"start":{"line":10,"column":8},"end":{"line":12,"column":9}},"3":{"start":{"line":11,"column":12},"end":{"line":11,"column":37}},"4":{"start":{"line":13,"column":8},"end":{"line":15,"column":9}},"5":{"start":{"line":14,"column":12},"end":{"line":14,"column":45}},"6":{"start":{"line":16,"column":8},"end":{"line":16,"column":20}},"7":{"start":{"line":19,"column":4},"end":{"line":34,"column":6}},"8":{"start":{"line":26,"column":65},"end":{"line":26,"column":167}}},"fnMap":{"0":{"name":"(anonymous_0)","decl":{"start":{"line":5,"column":15},"end":{"line":5,"column":16}},"loc":{"start":{"line":5,"column":40},"end":{"line":35,"column":1}},"line":5},"1":{"name":"modifyTask","decl":{"start":{"line":9,"column":13},"end":{"line":9,"column":23}},"loc":{"start":{"line":9,"column":40},"end":{"line":17,"column":5}},"line":9},"2":{"name":"(anonymous_2)","decl":{"start":{"line":26,"column":59},"end":{"line":26,"column":60}},"loc":{"start":{"line":26,"column":65},"end":{"line":26,"column":167}},"line":26}},"branchMap":{"0":{"loc":{"start":{"line":10,"column":8},"end":{"line":12,"column":9}},"type":"if","locations":[{"start":{"line":10,"column":8},"end":{"line":12,"column":9}},{"start":{},"end":{}}],"line":10},"1":{"loc":{"start":{"line":13,"column":8},"end":{"line":15,"column":9}},"type":"if","locations":[{"start":{"line":13,"column":8},"end":{"line":15,"column":9}},{"start":{},"end":{}}],"line":13}},"s":{"0":1,"1":0,"2":0,"3":0,"4":0,"5":0,"6":0,"7":0,"8":0},"f":{"0":0,"1":0,"2":0},"b":{"0":[0,0],"1":[0,0]},"_coverageSchema":"1a1c01bbd47fc00a2c39e90264f33305004495a9","hash":"84d5463c60f9c0aebef1d70934769b9f29eb3f0b"}
,"C:\\Users\\Jordan\\Desktop\\Intégration continue\\Todolist\\todoproject\\TodoList-Project\\src\\components\\Task.js": {"path":"C:\\Users\\Jordan\\Desktop\\Intégration continue\\Todolist\\todoproject\\TodoList-Project\\src\\components\\Task.js","statementMap":{"0":{"start":{"line":1,"column":13},"end":{"line":5,"column":1}},"1":{"start":{"line":2,"column":4},"end":{"line":4,"column":6}}},"fnMap":{"0":{"name":"(anonymous_0)","decl":{"start":{"line":1,"column":13},"end":{"line":1,"column":14}},"loc":{"start":{"line":1,"column":33},"end":{"line":5,"column":1}},"line":1}},"branchMap":{},"s":{"0":1,"1":0},"f":{"0":0},"b":{},"_coverageSchema":"1a1c01bbd47fc00a2c39e90264f33305004495a9","hash":"1b1571e9c521a8a4ff74ce064a384cdec0dc6477"}
,"C:\\Users\\Jordan\\Desktop\\Intégration continue\\Todolist\\todoproject\\TodoList-Project\\src\\components\\TaskList.js": {"path":"C:\\Users\\Jordan\\Desktop\\Intégration continue\\Todolist\\todoproject\\TodoList-Project\\src\\components\\TaskList.js","statementMap":{"0":{"start":{"line":5,"column":17},"end":{"line":33,"column":1}},"1":{"start":{"line":8,"column":8},"end":{"line":8,"column":55}},"2":{"start":{"line":8,"column":35},"end":{"line":8,"column":54}},"3":{"start":{"line":11,"column":4},"end":{"line":32,"column":6}},"4":{"start":{"line":15,"column":20},"end":{"line":21,"column":25}},"5":{"start":{"line":20,"column":73},"end":{"line":20,"column":107}}},"fnMap":{"0":{"name":"(anonymous_0)","decl":{"start":{"line":5,"column":17},"end":{"line":5,"column":18}},"loc":{"start":{"line":5,"column":42},"end":{"line":33,"column":1}},"line":5},"1":{"name":"RemoveTask","decl":{"start":{"line":7,"column":13},"end":{"line":7,"column":23}},"loc":{"start":{"line":7,"column":34},"end":{"line":9,"column":5}},"line":7},"2":{"name":"(anonymous_2)","decl":{"start":{"line":8,"column":28},"end":{"line":8,"column":29}},"loc":{"start":{"line":8,"column":35},"end":{"line":8,"column":54}},"line":8},"3":{"name":"(anonymous_3)","decl":{"start":{"line":14,"column":46},"end":{"line":14,"column":47}},"loc":{"start":{"line":15,"column":20},"end":{"line":21,"column":25}},"line":15},"4":{"name":"(anonymous_4)","decl":{"start":{"line":20,"column":67},"end":{"line":20,"column":68}},"loc":{"start":{"line":20,"column":73},"end":{"line":20,"column":107}},"line":20}},"branchMap":{"0":{"loc":{"start":{"line":14,"column":17},"end":{"line":24,"column":57}},"type":"cond-expr","locations":[{"start":{"line":14,"column":36},"end":{"line":22,"column":18}},{"start":{"line":24,"column":21},"end":{"line":24,"column":56}}],"line":14}},"s":{"0":1,"1":0,"2":0,"3":0,"4":0,"5":0},"f":{"0":0,"1":0,"2":0,"3":0,"4":0},"b":{"0":[0,0]},"_coverageSchema":"1a1c01bbd47fc00a2c39e90264f33305004495a9","hash":"4b41204241678d7c127a21d555386a075dbfe838"}
}
